<?xml version="1.0" encoding="UTF-8"?>
<!-- Generated by org.testng.reporters.JUnitReportReporter -->
<testsuite hostname="DESKTOP-3VVE6LI" failures="0" tests="1" name="com.testcases.AddCustomer" time="40.665" errors="0" timestamp="2023-10-13T12:35:32 IST" skipped="0">
  <testcase classname="com.testcases.AddCustomer" name="AddCustomerData" time="40.665"/>
</testsuite> <!-- com.testcases.AddCustomer -->
