<?xml version="1.0" encoding="UTF-8"?>
<!-- Generated by org.testng.reporters.JUnitReportReporter -->
<testsuite hostname="DESKTOP-3VVE6LI" failures="0" tests="1" name="com.testcases.Addproduct" time="32.032" errors="0" timestamp="2023-10-12T18:32:48 IST" skipped="0">
  <testcase classname="com.testcases.Addproduct" name="loginvalidation" time="32.032"/>
</testsuite> <!-- com.testcases.Addproduct -->
