<?xml version="1.0" encoding="UTF-8"?>
<!-- Generated by org.testng.reporters.JUnitReportReporter -->
<testsuite hostname="DESKTOP-3VVE6LI" failures="0" tests="1" name="com.testcases.Holiday" time="29.447" errors="0" timestamp="2023-10-13T14:35:31 IST" skipped="0">
  <testcase classname="com.testcases.Holiday" name="AddHoliday" time="29.447"/>
</testsuite> <!-- com.testcases.Holiday -->
