<?xml version="1.0" encoding="UTF-8"?>
<!-- Generated by org.testng.reporters.JUnitReportReporter -->
<testsuite hostname="DESKTOP-3VVE6LI" failures="0" tests="1" name="com.testcases.AddLocation" time="30.367" errors="0" timestamp="2023-11-08T18:15:54 IST" skipped="0">
  <testcase classname="com.testcases.AddLocation" name="AddNewLocation" time="30.367"/>
</testsuite> <!-- com.testcases.AddLocation -->
