<?xml version="1.0" encoding="UTF-8"?>
<!-- Generated by org.testng.reporters.JUnitReportReporter -->
<testsuite hostname="DESKTOP-3VVE6LI" failures="0" tests="1" name="com.testcases.Logoutpage" time="8.315" errors="0" timestamp="2023-11-08T18:13:24 IST" skipped="0">
  <testcase classname="com.testcases.Logoutpage" name="AppLogout" time="8.315"/>
</testsuite> <!-- com.testcases.Logoutpage -->
