<?xml version="1.0" encoding="UTF-8"?>
<!-- Generated by org.testng.reporters.JUnitReportReporter -->
<testsuite hostname="DESKTOP-3VVE6LI" failures="0" tests="1" name="com.testcases.ProductdealcloseFunctionality" time="41.351" errors="0" timestamp="2023-11-07T17:38:01 IST" skipped="0">
  <testcase classname="com.testcases.ProductdealcloseFunctionality" name="ENDtoENDProduct" time="41.351"/>
</testsuite> <!-- com.testcases.ProductdealcloseFunctionality -->
