<?xml version="1.0" encoding="UTF-8"?>
<!-- Generated by org.testng.reporters.JUnitReportReporter -->
<testsuite hostname="DESKTOP-3VVE6LI" failures="0" tests="1" name="com.testcases.Addproduct" time="30.221" errors="0" timestamp="2023-10-10T16:59:40 IST" skipped="0">
  <testcase classname="com.testcases.Addproduct" name="loginvalidation" time="30.221"/>
</testsuite> <!-- com.testcases.Addproduct -->
