<?xml version="1.0" encoding="UTF-8"?>
<!-- Generated by org.testng.reporters.JUnitReportReporter -->
<testsuite hostname="DESKTOP-3VVE6LI" failures="0" tests="1" name="com.testcases.Addproduct" time="31.482" errors="0" timestamp="2023-10-10T13:11:55 IST" skipped="0">
  <testcase classname="com.testcases.Addproduct" name="loginvalidation" time="31.482"/>
</testsuite> <!-- com.testcases.Addproduct -->
