<?xml version="1.0" encoding="UTF-8"?>
<!-- Generated by org.testng.reporters.JUnitReportReporter -->
<testsuite hostname="DESKTOP-3VVE6LI" failures="0" tests="1" name="com.testcases.Shifts" time="21.848" errors="0" timestamp="2023-11-08T18:04:07 IST" skipped="0">
  <testcase classname="com.testcases.Shifts" name="ShiftsfunctionalityValidation" time="21.848"/>
</testsuite> <!-- com.testcases.Shifts -->
