<?xml version="1.0" encoding="UTF-8"?>
<!-- Generated by org.testng.reporters.JUnitReportReporter -->
<testsuite hostname="DESKTOP-3VVE6LI" failures="0" tests="1" name="com.testcases.AddLocation" time="31.092" errors="0" timestamp="2023-10-26T20:05:35 IST" skipped="0">
  <testcase classname="com.testcases.AddLocation" name="AddNewLocation" time="31.092"/>
</testsuite> <!-- com.testcases.AddLocation -->
