<?xml version="1.0" encoding="UTF-8"?>
<!-- Generated by org.testng.reporters.JUnitReportReporter -->
<testsuite hostname="DESKTOP-3VVE6LI" failures="0" tests="1" name="com.testcases.AddCondition" time="31.266" errors="0" timestamp="2023-10-26T20:22:27 IST" skipped="0">
  <testcase classname="com.testcases.AddCondition" name="Sub_CatageoriesData" time="31.266"/>
</testsuite> <!-- com.testcases.AddCondition -->
