<?xml version="1.0" encoding="UTF-8"?>
<!-- Generated by org.testng.reporters.JUnitReportReporter -->
<testsuite hostname="DESKTOP-3VVE6LI" failures="0" tests="1" name="com.testcases.Stock_moving" time="48.469" errors="0" timestamp="2023-10-12T11:36:27 IST" skipped="0">
  <testcase classname="com.testcases.Stock_moving" name="Data1" time="48.469"/>
</testsuite> <!-- com.testcases.Stock_moving -->
