<?xml version="1.0" encoding="UTF-8"?>
<!-- Generated by org.testng.reporters.JUnitReportReporter -->
<testsuite hostname="DESKTOP-3VVE6LI" failures="0" tests="1" name="com.testcases.Sub_Categeories" time="35.623" errors="0" timestamp="2023-10-26T19:23:26 IST" skipped="0">
  <testcase classname="com.testcases.Sub_Categeories" name="Sub_CatageoriesData" time="35.623"/>
</testsuite> <!-- com.testcases.Sub_Categeories -->
