<?xml version="1.0" encoding="UTF-8"?>
<!-- Generated by org.testng.reporters.JUnitReportReporter -->
<testsuite hostname="DESKTOP-3VVE6LI" failures="0" tests="1" name="com.testcases.AddCategory" time="30.396" errors="0" timestamp="2023-10-19T16:43:38 IST" skipped="0">
  <testcase classname="com.testcases.AddCategory" name="AddCatageoriesData" time="30.396"/>
</testsuite> <!-- com.testcases.AddCategory -->
