<?xml version="1.0" encoding="UTF-8"?>
<!-- Generated by org.testng.reporters.JUnitReportReporter -->
<testsuite hostname="DESKTOP-3VVE6LI" failures="0" tests="1" name="com.testcases.Logoutpage" time="9.700" errors="0" timestamp="2023-10-17T16:30:02 IST" skipped="0">
  <testcase classname="com.testcases.Logoutpage" name="AppLogout" time="9.700"/>
</testsuite> <!-- com.testcases.Logoutpage -->
