<?xml version="1.0" encoding="UTF-8"?>
<!-- Generated by org.testng.reporters.JUnitReportReporter -->
<testsuite hostname="DESKTOP-3VVE6LI" failures="0" tests="1" name="com.testcases.Company" time="28.141" errors="0" timestamp="2023-11-08T16:19:33 IST" skipped="0">
  <testcase classname="com.testcases.Company" name="ShiftsfunctionalityValidation" time="28.141"/>
</testsuite> <!-- com.testcases.Company -->
