<?xml version="1.0" encoding="UTF-8"?>
<!-- Generated by org.testng.reporters.JUnitReportReporter -->
<testsuite hostname="DESKTOP-3VVE6LI" failures="0" tests="1" name="com.testcases.Shifts" time="24.067" errors="0" timestamp="2023-11-08T15:44:25 IST" skipped="0">
  <testcase classname="com.testcases.Shifts" name="ShiftsfunctionalityValidation" time="24.067"/>
</testsuite> <!-- com.testcases.Shifts -->
